[2024-12-02 00:35:11Z INFO HostContext] No proxy settings were found based on environmental variables (http_proxy/https_proxy/HTTP_PROXY/HTTPS_PROXY)
[2024-12-02 00:35:11Z INFO HostContext] Well known directory 'Bin': 'C:\Users\EAGLE\Desktop\GI3\ING Avancée\Git\IAO-TPs\2-user-management\actions-runner\bin'
[2024-12-02 00:35:11Z INFO HostContext] Well known directory 'Root': 'C:\Users\EAGLE\Desktop\GI3\ING Avancée\Git\IAO-TPs\2-user-management\actions-runner'
[2024-12-02 00:35:11Z INFO HostContext] Well known config file 'Credentials': 'C:\Users\EAGLE\Desktop\GI3\ING Avancée\Git\IAO-TPs\2-user-management\actions-runner\.credentials'
[2024-12-02 00:35:11Z INFO HostContext] Well known directory 'Bin': 'C:\Users\EAGLE\Desktop\GI3\ING Avancée\Git\IAO-TPs\2-user-management\actions-runner\bin'
[2024-12-02 00:35:11Z INFO HostContext] Well known directory 'Root': 'C:\Users\EAGLE\Desktop\GI3\ING Avancée\Git\IAO-TPs\2-user-management\actions-runner'
[2024-12-02 00:35:11Z INFO HostContext] Well known config file 'Runner': 'C:\Users\EAGLE\Desktop\GI3\ING Avancée\Git\IAO-TPs\2-user-management\actions-runner\.runner'
[2024-12-02 00:35:11Z INFO Listener] Runner is built for Windows (X64) - win-x64.
[2024-12-02 00:35:11Z INFO Listener] RuntimeInformation: Microsoft Windows 10.0.19045.
[2024-12-02 00:35:11Z INFO Listener] Version: 2.321.0
[2024-12-02 00:35:11Z INFO Listener] Commit: e249007931b7c8e857797fa259c167f0bd4f997a
[2024-12-02 00:35:11Z INFO Listener] Culture: en-US
[2024-12-02 00:35:11Z INFO Listener] UI Culture: en-US
[2024-12-02 00:35:11Z INFO HostContext] Well known directory 'Bin': 'C:\Users\EAGLE\Desktop\GI3\ING Avancée\Git\IAO-TPs\2-user-management\actions-runner\bin'
[2024-12-02 00:35:11Z INFO HostContext] Well known directory 'Root': 'C:\Users\EAGLE\Desktop\GI3\ING Avancée\Git\IAO-TPs\2-user-management\actions-runner'
[2024-12-02 00:35:11Z INFO Listener] Validating directory permissions for: 'C:\Users\EAGLE\Desktop\GI3\ING Avancée\Git\IAO-TPs\2-user-management\actions-runner'
[2024-12-02 00:35:11Z INFO CommandLineParser] Parse
[2024-12-02 00:35:11Z INFO CommandLineParser] Parsing 1 args
[2024-12-02 00:35:11Z INFO CommandLineParser] parsing argument
[2024-12-02 00:35:11Z INFO CommandLineParser] HasArgs: False
[2024-12-02 00:35:11Z INFO CommandLineParser] Adding Command: run
[2024-12-02 00:35:11Z INFO Listener] Arguments parsed
[2024-12-02 00:35:11Z INFO Runner] ExecuteCommand
[2024-12-02 00:35:11Z INFO ConfigurationStore] currentAssemblyLocation: C:\Users\EAGLE\Desktop\GI3\ING Avancée\Git\IAO-TPs\2-user-management\actions-runner\bin\Runner.Listener.dll
[2024-12-02 00:35:11Z INFO HostContext] Well known directory 'Bin': 'C:\Users\EAGLE\Desktop\GI3\ING Avancée\Git\IAO-TPs\2-user-management\actions-runner\bin'
[2024-12-02 00:35:11Z INFO ConfigurationStore] binPath: C:\Users\EAGLE\Desktop\GI3\ING Avancée\Git\IAO-TPs\2-user-management\actions-runner\bin
[2024-12-02 00:35:11Z INFO HostContext] Well known directory 'Bin': 'C:\Users\EAGLE\Desktop\GI3\ING Avancée\Git\IAO-TPs\2-user-management\actions-runner\bin'
[2024-12-02 00:35:11Z INFO HostContext] Well known directory 'Root': 'C:\Users\EAGLE\Desktop\GI3\ING Avancée\Git\IAO-TPs\2-user-management\actions-runner'
[2024-12-02 00:35:11Z INFO ConfigurationStore] RootFolder: C:\Users\EAGLE\Desktop\GI3\ING Avancée\Git\IAO-TPs\2-user-management\actions-runner
[2024-12-02 00:35:11Z INFO HostContext] Well known directory 'Bin': 'C:\Users\EAGLE\Desktop\GI3\ING Avancée\Git\IAO-TPs\2-user-management\actions-runner\bin'
[2024-12-02 00:35:11Z INFO HostContext] Well known directory 'Root': 'C:\Users\EAGLE\Desktop\GI3\ING Avancée\Git\IAO-TPs\2-user-management\actions-runner'
[2024-12-02 00:35:11Z INFO HostContext] Well known config file 'Runner': 'C:\Users\EAGLE\Desktop\GI3\ING Avancée\Git\IAO-TPs\2-user-management\actions-runner\.runner'
[2024-12-02 00:35:11Z INFO ConfigurationStore] ConfigFilePath: C:\Users\EAGLE\Desktop\GI3\ING Avancée\Git\IAO-TPs\2-user-management\actions-runner\.runner
[2024-12-02 00:35:11Z INFO HostContext] Well known directory 'Bin': 'C:\Users\EAGLE\Desktop\GI3\ING Avancée\Git\IAO-TPs\2-user-management\actions-runner\bin'
[2024-12-02 00:35:11Z INFO HostContext] Well known directory 'Root': 'C:\Users\EAGLE\Desktop\GI3\ING Avancée\Git\IAO-TPs\2-user-management\actions-runner'
[2024-12-02 00:35:11Z INFO HostContext] Well known config file 'Credentials': 'C:\Users\EAGLE\Desktop\GI3\ING Avancée\Git\IAO-TPs\2-user-management\actions-runner\.credentials'
[2024-12-02 00:35:11Z INFO ConfigurationStore] CredFilePath: C:\Users\EAGLE\Desktop\GI3\ING Avancée\Git\IAO-TPs\2-user-management\actions-runner\.credentials
[2024-12-02 00:35:11Z INFO HostContext] Well known directory 'Bin': 'C:\Users\EAGLE\Desktop\GI3\ING Avancée\Git\IAO-TPs\2-user-management\actions-runner\bin'
[2024-12-02 00:35:11Z INFO HostContext] Well known directory 'Root': 'C:\Users\EAGLE\Desktop\GI3\ING Avancée\Git\IAO-TPs\2-user-management\actions-runner'
[2024-12-02 00:35:11Z INFO HostContext] Well known config file 'MigratedCredentials': 'C:\Users\EAGLE\Desktop\GI3\ING Avancée\Git\IAO-TPs\2-user-management\actions-runner\.credentials_migrated'
[2024-12-02 00:35:11Z INFO ConfigurationStore] MigratedCredFilePath: C:\Users\EAGLE\Desktop\GI3\ING Avancée\Git\IAO-TPs\2-user-management\actions-runner\.credentials_migrated
[2024-12-02 00:35:11Z INFO HostContext] Well known directory 'Bin': 'C:\Users\EAGLE\Desktop\GI3\ING Avancée\Git\IAO-TPs\2-user-management\actions-runner\bin'
[2024-12-02 00:35:11Z INFO HostContext] Well known directory 'Root': 'C:\Users\EAGLE\Desktop\GI3\ING Avancée\Git\IAO-TPs\2-user-management\actions-runner'
[2024-12-02 00:35:11Z INFO HostContext] Well known config file 'Service': 'C:\Users\EAGLE\Desktop\GI3\ING Avancée\Git\IAO-TPs\2-user-management\actions-runner\.service'
[2024-12-02 00:35:11Z INFO ConfigurationStore] ServiceConfigFilePath: C:\Users\EAGLE\Desktop\GI3\ING Avancée\Git\IAO-TPs\2-user-management\actions-runner\.service
[2024-12-02 00:35:11Z INFO CommandSettings] Flag 'help': 'False'
[2024-12-02 00:35:11Z INFO CommandSettings] Flag 'version': 'False'
[2024-12-02 00:35:11Z INFO CommandSettings] Flag 'commit': 'False'
[2024-12-02 00:35:11Z INFO CommandSettings] Flag 'check': 'False'
[2024-12-02 00:35:11Z INFO CommandSettings] Command 'configure': 'False'
[2024-12-02 00:35:11Z INFO CommandSettings] Command 'remove': 'False'
[2024-12-02 00:35:11Z INFO CommandSettings] Command 'warmup': 'False'
[2024-12-02 00:35:11Z INFO ConfigurationManager] LoadSettings
[2024-12-02 00:35:11Z INFO ConfigurationStore] IsConfigured()
[2024-12-02 00:35:11Z INFO ConfigurationStore] IsConfigured: True
[2024-12-02 00:35:11Z INFO ConfigurationManager] Is configured: True
[2024-12-02 00:35:11Z INFO ConfigurationStore] Read setting file: 307 chars
[2024-12-02 00:35:11Z INFO ConfigurationManager] Settings Loaded
[2024-12-02 00:35:11Z INFO ConfigurationStore] IsServiceConfigured()
[2024-12-02 00:35:11Z INFO ConfigurationStore] IsServiceConfigured: True
[2024-12-02 00:35:11Z INFO CommandSettings] Command 'run': 'True'
[2024-12-02 00:35:11Z INFO ConfigurationStore] IsConfigured()
[2024-12-02 00:35:11Z INFO ConfigurationStore] IsConfigured: True
[2024-12-02 00:35:11Z INFO ConfigurationManager] Is configured: True
[2024-12-02 00:35:11Z INFO Runner] Try determine runner startup type base on console redirects.
[2024-12-02 00:35:11Z INFO Runner] Set runner startup type - Manual
[2024-12-02 00:35:11Z INFO CommandSettings] Flag 'once': 'False'
[2024-12-02 00:35:11Z INFO CommandSettings] Flag 'once': 'False'
[2024-12-02 00:35:11Z INFO Runner] RunAsync
[2024-12-02 00:35:11Z INFO ConfigurationManager] LoadSettings
[2024-12-02 00:35:11Z INFO ConfigurationStore] IsConfigured()
[2024-12-02 00:35:11Z INFO ConfigurationStore] IsConfigured: True
[2024-12-02 00:35:11Z INFO ConfigurationManager] Is configured: True
[2024-12-02 00:35:11Z INFO ConfigurationManager] Settings Loaded
[2024-12-02 00:35:11Z INFO MessageListener] {
  "AgentId": 2,
  "AgentName": "DESKTOP-QH83KEP",
  "PoolId": 1,
  "PoolName": "Default",
  "ServerUrl": "https://pipelinesghubeus10.actions.githubusercontent.com/NldwuLyGpvTeSaHlshVUl47LYEAhNv0yp2g8mUlEbKeEhmST4g/",
  "GitHubUrl": "https://github.com/ElmahdiAI/IAO-TPs",
  "WorkFolder": "_work"
}
[2024-12-02 00:35:11Z INFO MessageListener] Loading Credentials
[2024-12-02 00:35:11Z INFO ConfigurationStore] HasCredentials()
[2024-12-02 00:35:11Z INFO ConfigurationStore] stored True
[2024-12-02 00:35:11Z INFO CredentialManager] GetCredentialProvider
[2024-12-02 00:35:11Z INFO CredentialManager] Creating type OAuth
[2024-12-02 00:35:11Z INFO CredentialManager] Creating credential type: OAuth
[2024-12-02 00:35:11Z INFO HostContext] Well known directory 'Bin': 'C:\Users\EAGLE\Desktop\GI3\ING Avancée\Git\IAO-TPs\2-user-management\actions-runner\bin'
[2024-12-02 00:35:11Z INFO HostContext] Well known directory 'Root': 'C:\Users\EAGLE\Desktop\GI3\ING Avancée\Git\IAO-TPs\2-user-management\actions-runner'
[2024-12-02 00:35:11Z INFO HostContext] Well known config file 'RSACredentials': 'C:\Users\EAGLE\Desktop\GI3\ING Avancée\Git\IAO-TPs\2-user-management\actions-runner\.credentials_rsaparams'
[2024-12-02 00:35:11Z INFO RSAEncryptedFileKeyManager] Loading RSA key parameters from file C:\Users\EAGLE\Desktop\GI3\ING Avancée\Git\IAO-TPs\2-user-management\actions-runner\.credentials_rsaparams
[2024-12-02 00:35:11Z INFO MessageListener] Attempt to create session.
[2024-12-02 00:35:11Z INFO MessageListener] Connecting to the Runner Server...
[2024-12-02 00:35:11Z INFO RunnerServer] EstablishVssConnection
[2024-12-02 00:35:11Z INFO RunnerServer] Establish connection with 100 seconds timeout.
[2024-12-02 00:35:11Z INFO GitHubActionsService] Starting operation Location.GetConnectionData
[2024-12-02 00:35:12Z INFO RunnerServer] EstablishVssConnection
[2024-12-02 00:35:12Z INFO RunnerServer] Establish connection with 60 seconds timeout.
[2024-12-02 00:35:12Z INFO GitHubActionsService] Starting operation Location.GetConnectionData
[2024-12-02 00:35:12Z INFO RunnerServer] EstablishVssConnection
[2024-12-02 00:35:12Z INFO RunnerServer] Establish connection with 60 seconds timeout.
[2024-12-02 00:35:12Z INFO GitHubActionsService] Starting operation Location.GetConnectionData
[2024-12-02 00:35:12Z INFO GitHubActionsService] Finished operation Location.GetConnectionData
[2024-12-02 00:35:12Z INFO GitHubActionsService] Finished operation Location.GetConnectionData
[2024-12-02 00:35:12Z INFO GitHubActionsService] Finished operation Location.GetConnectionData
[2024-12-02 00:35:12Z INFO MessageListener] VssConnection created
[2024-12-02 00:35:12Z INFO Terminal] WRITE LINE: 
[2024-12-02 00:35:12Z INFO Terminal] WRITE LINE: 
[2024-12-02 00:35:13Z INFO RSAEncryptedFileKeyManager] Loading RSA key parameters from file C:\Users\EAGLE\Desktop\GI3\ING Avancée\Git\IAO-TPs\2-user-management\actions-runner\.credentials_rsaparams
[2024-12-02 00:35:13Z INFO RSAEncryptedFileKeyManager] Loading RSA key parameters from file C:\Users\EAGLE\Desktop\GI3\ING Avancée\Git\IAO-TPs\2-user-management\actions-runner\.credentials_rsaparams
[2024-12-02 00:35:13Z INFO GitHubActionsService] AAD Correlation ID for this token request: Unknown
[2024-12-02 00:35:14Z INFO MessageListener] Session created.
[2024-12-02 00:35:14Z INFO Terminal] WRITE LINE: Current runner version: '2.321.0'
[2024-12-02 00:35:14Z INFO Terminal] WRITE LINE: 2024-12-02 00:35:14Z: Listening for Jobs
[2024-12-02 00:35:14Z INFO JobDispatcher] Set runner/worker IPC timeout to 30 seconds.
[2024-12-02 00:35:14Z INFO RSAEncryptedFileKeyManager] Loading RSA key parameters from file C:\Users\EAGLE\Desktop\GI3\ING Avancée\Git\IAO-TPs\2-user-management\actions-runner\.credentials_rsaparams
[2024-12-02 00:35:14Z INFO GitHubActionsService] AAD Correlation ID for this token request: Unknown
